myHadoop: Setting MH_IPOIB_TRANSFORM='s/\([^.]*\).*$/\1.ibnet/' from myhadoop.conf
myHadoop: Setting MH_SCRATCH_DIR=/scratch/$USER/$SLURM_JOBID from myhadoop.conf
myHadoop: Using HADOOP_HOME=/opt/hadoop/2.6.0
myHadoop: Using MH_SCRATCH_DIR=/scratch/mxv6938/31828110
myHadoop: Using JAVA_HOME=/lib/jvm/java
myHadoop: Generating Hadoop configuration in directory in /home/mxv6938/cometcluster...
myHadoop: Backing up old config dir to /home/mxv6938/cometcluster.0...
‘/home/mxv6938/cometcluster’ -> ‘/home/mxv6938/cometcluster.0’
myHadoop: Designating comet-05-29.ibnet as master node (namenode, secondary namenode, and jobtracker)
myHadoop: The following nodes will be slaves (datanode, tasktracer):
comet-05-29.ibnet
comet-05-46.ibnet
20/03/01 08:55:14 INFO namenode.NameNode: STARTUP_MSG: 
/************************************************************
STARTUP_MSG: Starting NameNode
STARTUP_MSG:   host = comet-05-29.sdsc.edu/198.202.112.94
STARTUP_MSG:   args = [-format]
STARTUP_MSG:   version = 2.6.0
STARTUP_MSG:   classpath = /home/mxv6938/cometcluster:/opt/hadoop/2.6.0/share/hadoop/common/lib/jsp-api-2.1.jar:/opt/hadoop/2.6.0/share/hadoop/common/lib/curator-client-2.6.0.jar:/opt/hadoop/2.6.0/share/hadoop/common/lib/htrace-core-3.0.4.jar:/opt/hadoop/2.6.0/share/hadoop/common/lib/gson-2.2.4.jar:/opt/hadoop/2.6.0/share/hadoop/common/lib/slf4j-log4j12-1.7.5.jar:/opt/hadoop/2.6.0/share/hadoop/common/lib/jersey-core-1.9.jar:/opt/hadoop/2.6.0/share/hadoop/common/lib/jasper-runtime-5.5.23.jar:/opt/hadoop/2.6.0/share/hadoop/common/lib/commons-cli-1.2.jar:/opt/hadoop/2.6.0/share/hadoop/common/lib/junit-4.11.jar:/opt/hadoop/2.6.0/share/hadoop/common/lib/httpclient-4.2.5.jar:/opt/hadoop/2.6.0/share/hadoop/common/lib/jasper-compiler-5.5.23.jar:/opt/hadoop/2.6.0/share/hadoop/common/lib/jackson-xc-1.9.13.jar:/opt/hadoop/2.6.0/share/hadoop/common/lib/jettison-1.1.jar:/opt/hadoop/2.6.0/share/hadoop/common/lib/stax-api-1.0-2.jar:/opt/hadoop/2.6.0/share/hadoop/common/lib/java-xmlbuilder-0.4.jar:/opt/hadoop/2.6.0/share/hadoop/common/lib/httpcore-4.2.5.jar:/opt/hadoop/2.6.0/share/hadoop/common/lib/commons-collections-3.2.1.jar:/opt/hadoop/2.6.0/share/hadoop/common/lib/jersey-json-1.9.jar:/opt/hadoop/2.6.0/share/hadoop/common/lib/jsch-0.1.42.jar:/opt/hadoop/2.6.0/share/hadoop/common/lib/protobuf-java-2.5.0.jar:/opt/hadoop/2.6.0/share/hadoop/common/lib/commons-compress-1.4.1.jar:/opt/hadoop/2.6.0/share/hadoop/common/lib/commons-beanutils-core-1.8.0.jar:/opt/hadoop/2.6.0/share/hadoop/common/lib/mockito-all-1.8.5.jar:/opt/hadoop/2.6.0/share/hadoop/common/lib/commons-io-2.4.jar:/opt/hadoop/2.6.0/share/hadoop/common/lib/apacheds-kerberos-codec-2.0.0-M15.jar:/opt/hadoop/2.6.0/share/hadoop/common/lib/commons-lang-2.6.jar:/opt/hadoop/2.6.0/share/hadoop/common/lib/xz-1.0.jar:/opt/hadoop/2.6.0/share/hadoop/common/lib/commons-el-1.0.jar:/opt/hadoop/2.6.0/share/hadoop/common/lib/log4j-1.2.17.jar:/opt/hadoop/2.6.0/share/hadoop/common/lib/hadoop-annotations-2.6.0.jar:/opt/hadoop/2.6.0/share/hadoop/common/lib/paranamer-2.3.jar:/opt/hadoop/2.6.0/share/hadoop/common/lib/jackson-jaxrs-1.9.13.jar:/opt/hadoop/2.6.0/share/hadoop/common/lib/commons-configuration-1.6.jar:/opt/hadoop/2.6.0/share/hadoop/common/lib/api-util-1.0.0-M20.jar:/opt/hadoop/2.6.0/share/hadoop/common/lib/activation-1.1.jar:/opt/hadoop/2.6.0/share/hadoop/common/lib/xmlenc-0.52.jar:/opt/hadoop/2.6.0/share/hadoop/common/lib/zookeeper-3.4.6.jar:/opt/hadoop/2.6.0/share/hadoop/common/lib/curator-recipes-2.6.0.jar:/opt/hadoop/2.6.0/share/hadoop/common/lib/commons-httpclient-3.1.jar:/opt/hadoop/2.6.0/share/hadoop/common/lib/jsr305-1.3.9.jar:/opt/hadoop/2.6.0/share/hadoop/common/lib/slf4j-api-1.7.5.jar:/opt/hadoop/2.6.0/share/hadoop/common/lib/curator-framework-2.6.0.jar:/opt/hadoop/2.6.0/share/hadoop/common/lib/jackson-mapper-asl-1.9.13.jar:/opt/hadoop/2.6.0/share/hadoop/common/lib/avro-1.7.4.jar:/opt/hadoop/2.6.0/share/hadoop/common/lib/jetty-util-6.1.26.jar:/opt/hadoop/2.6.0/share/hadoop/common/lib/jackson-core-asl-1.9.13.jar:/opt/hadoop/2.6.0/share/hadoop/common/lib/netty-3.6.2.Final.jar:/opt/hadoop/2.6.0/share/hadoop/common/lib/jetty-6.1.26.jar:/opt/hadoop/2.6.0/share/hadoop/common/lib/snappy-java-1.0.4.1.jar:/opt/hadoop/2.6.0/share/hadoop/common/lib/guava-11.0.2.jar:/opt/hadoop/2.6.0/share/hadoop/common/lib/commons-logging-1.1.3.jar:/opt/hadoop/2.6.0/share/hadoop/common/lib/commons-math3-3.1.1.jar:/opt/hadoop/2.6.0/share/hadoop/common/lib/jets3t-0.9.0.jar:/opt/hadoop/2.6.0/share/hadoop/common/lib/jersey-server-1.9.jar:/opt/hadoop/2.6.0/share/hadoop/common/lib/hamcrest-core-1.3.jar:/opt/hadoop/2.6.0/share/hadoop/common/lib/apacheds-i18n-2.0.0-M15.jar:/opt/hadoop/2.6.0/share/hadoop/common/lib/api-asn1-api-1.0.0-M20.jar:/opt/hadoop/2.6.0/share/hadoop/common/lib/commons-codec-1.4.jar:/opt/hadoop/2.6.0/share/hadoop/common/lib/jaxb-api-2.2.2.jar:/opt/hadoop/2.6.0/share/hadoop/common/lib/servlet-api-2.5.jar:/opt/hadoop/2.6.0/share/hadoop/common/lib/asm-3.2.jar:/opt/hadoop/2.6.0/share/hadoop/common/lib/jaxb-impl-2.2.3-1.jar:/opt/hadoop/2.6.0/share/hadoop/common/lib/commons-digester-1.8.jar:/opt/hadoop/2.6.0/share/hadoop/common/lib/hadoop-auth-2.6.0.jar:/opt/hadoop/2.6.0/share/hadoop/common/lib/commons-net-3.1.jar:/opt/hadoop/2.6.0/share/hadoop/common/lib/commons-beanutils-1.7.0.jar:/opt/hadoop/2.6.0/share/hadoop/common/hadoop-common-2.6.0.jar:/opt/hadoop/2.6.0/share/hadoop/common/hadoop-common-2.6.0-tests.jar:/opt/hadoop/2.6.0/share/hadoop/common/hadoop-nfs-2.6.0.jar:/opt/hadoop/2.6.0/share/hadoop/hdfs:/opt/hadoop/2.6.0/share/hadoop/hdfs/lib/jsp-api-2.1.jar:/opt/hadoop/2.6.0/share/hadoop/hdfs/lib/htrace-core-3.0.4.jar:/opt/hadoop/2.6.0/share/hadoop/hdfs/lib/jersey-core-1.9.jar:/opt/hadoop/2.6.0/share/hadoop/hdfs/lib/jasper-runtime-5.5.23.jar:/opt/hadoop/2.6.0/share/hadoop/hdfs/lib/commons-cli-1.2.jar:/opt/hadoop/2.6.0/share/hadoop/hdfs/lib/commons-daemon-1.0.13.jar:/opt/hadoop/2.6.0/share/hadoop/hdfs/lib/protobuf-java-2.5.0.jar:/opt/hadoop/2.6.0/share/hadoop/hdfs/lib/commons-io-2.4.jar:/opt/hadoop/2.6.0/share/hadoop/hdfs/lib/xercesImpl-2.9.1.jar:/opt/hadoop/2.6.0/share/hadoop/hdfs/lib/commons-lang-2.6.jar:/opt/hadoop/2.6.0/share/hadoop/hdfs/lib/commons-el-1.0.jar:/opt/hadoop/2.6.0/share/hadoop/hdfs/lib/log4j-1.2.17.jar:/opt/hadoop/2.6.0/share/hadoop/hdfs/lib/xmlenc-0.52.jar:/opt/hadoop/2.6.0/share/hadoop/hdfs/lib/jsr305-1.3.9.jar:/opt/hadoop/2.6.0/share/hadoop/hdfs/lib/jackson-mapper-asl-1.9.13.jar:/opt/hadoop/2.6.0/share/hadoop/hdfs/lib/jetty-util-6.1.26.jar:/opt/hadoop/2.6.0/share/hadoop/hdfs/lib/jackson-core-asl-1.9.13.jar:/opt/hadoop/2.6.0/share/hadoop/hdfs/lib/netty-3.6.2.Final.jar:/opt/hadoop/2.6.0/share/hadoop/hdfs/lib/jetty-6.1.26.jar:/opt/hadoop/2.6.0/share/hadoop/hdfs/lib/guava-11.0.2.jar:/opt/hadoop/2.6.0/share/hadoop/hdfs/lib/commons-logging-1.1.3.jar:/opt/hadoop/2.6.0/share/hadoop/hdfs/lib/jersey-server-1.9.jar:/opt/hadoop/2.6.0/share/hadoop/hdfs/lib/commons-codec-1.4.jar:/opt/hadoop/2.6.0/share/hadoop/hdfs/lib/servlet-api-2.5.jar:/opt/hadoop/2.6.0/share/hadoop/hdfs/lib/asm-3.2.jar:/opt/hadoop/2.6.0/share/hadoop/hdfs/lib/xml-apis-1.3.04.jar:/opt/hadoop/2.6.0/share/hadoop/hdfs/hadoop-hdfs-2.6.0.jar:/opt/hadoop/2.6.0/share/hadoop/hdfs/hadoop-hdfs-2.6.0-tests.jar:/opt/hadoop/2.6.0/share/hadoop/hdfs/hadoop-hdfs-nfs-2.6.0.jar:/opt/hadoop/2.6.0/share/hadoop/yarn/lib/jersey-client-1.9.jar:/opt/hadoop/2.6.0/share/hadoop/yarn/lib/jersey-core-1.9.jar:/opt/hadoop/2.6.0/share/hadoop/yarn/lib/commons-cli-1.2.jar:/opt/hadoop/2.6.0/share/hadoop/yarn/lib/jline-0.9.94.jar:/opt/hadoop/2.6.0/share/hadoop/yarn/lib/aopalliance-1.0.jar:/opt/hadoop/2.6.0/share/hadoop/yarn/lib/javax.inject-1.jar:/opt/hadoop/2.6.0/share/hadoop/yarn/lib/jackson-xc-1.9.13.jar:/opt/hadoop/2.6.0/share/hadoop/yarn/lib/guice-servlet-3.0.jar:/opt/hadoop/2.6.0/share/hadoop/yarn/lib/jettison-1.1.jar:/opt/hadoop/2.6.0/share/hadoop/yarn/lib/stax-api-1.0-2.jar:/opt/hadoop/2.6.0/share/hadoop/yarn/lib/commons-collections-3.2.1.jar:/opt/hadoop/2.6.0/share/hadoop/yarn/lib/jersey-json-1.9.jar:/opt/hadoop/2.6.0/share/hadoop/yarn/lib/protobuf-java-2.5.0.jar:/opt/hadoop/2.6.0/share/hadoop/yarn/lib/commons-compress-1.4.1.jar:/opt/hadoop/2.6.0/share/hadoop/yarn/lib/commons-io-2.4.jar:/opt/hadoop/2.6.0/share/hadoop/yarn/lib/commons-lang-2.6.jar:/opt/hadoop/2.6.0/share/hadoop/yarn/lib/xz-1.0.jar:/opt/hadoop/2.6.0/share/hadoop/yarn/lib/log4j-1.2.17.jar:/opt/hadoop/2.6.0/share/hadoop/yarn/lib/jackson-jaxrs-1.9.13.jar:/opt/hadoop/2.6.0/share/hadoop/yarn/lib/activation-1.1.jar:/opt/hadoop/2.6.0/share/hadoop/yarn/lib/guice-3.0.jar:/opt/hadoop/2.6.0/share/hadoop/yarn/lib/zookeeper-3.4.6.jar:/opt/hadoop/2.6.0/share/hadoop/yarn/lib/commons-httpclient-3.1.jar:/opt/hadoop/2.6.0/share/hadoop/yarn/lib/jsr305-1.3.9.jar:/opt/hadoop/2.6.0/share/hadoop/yarn/lib/jackson-mapper-asl-1.9.13.jar:/opt/hadoop/2.6.0/share/hadoop/yarn/lib/jetty-util-6.1.26.jar:/opt/hadoop/2.6.0/share/hadoop/yarn/lib/jackson-core-asl-1.9.13.jar:/opt/hadoop/2.6.0/share/hadoop/yarn/lib/netty-3.6.2.Final.jar:/opt/hadoop/2.6.0/share/hadoop/yarn/lib/jetty-6.1.26.jar:/opt/hadoop/2.6.0/share/hadoop/yarn/lib/leveldbjni-all-1.8.jar:/opt/hadoop/2.6.0/share/hadoop/yarn/lib/guava-11.0.2.jar:/opt/hadoop/2.6.0/share/hadoop/yarn/lib/commons-logging-1.1.3.jar:/opt/hadoop/2.6.0/share/hadoop/yarn/lib/jersey-server-1.9.jar:/opt/hadoop/2.6.0/share/hadoop/yarn/lib/jersey-guice-1.9.jar:/opt/hadoop/2.6.0/share/hadoop/yarn/lib/commons-codec-1.4.jar:/opt/hadoop/2.6.0/share/hadoop/yarn/lib/jaxb-api-2.2.2.jar:/opt/hadoop/2.6.0/share/hadoop/yarn/lib/servlet-api-2.5.jar:/opt/hadoop/2.6.0/share/hadoop/yarn/lib/asm-3.2.jar:/opt/hadoop/2.6.0/share/hadoop/yarn/lib/jaxb-impl-2.2.3-1.jar:/opt/hadoop/2.6.0/share/hadoop/yarn/hadoop-yarn-server-web-proxy-2.6.0.jar:/opt/hadoop/2.6.0/share/hadoop/yarn/hadoop-yarn-server-common-2.6.0.jar:/opt/hadoop/2.6.0/share/hadoop/yarn/hadoop-yarn-applications-unmanaged-am-launcher-2.6.0.jar:/opt/hadoop/2.6.0/share/hadoop/yarn/hadoop-yarn-registry-2.6.0.jar:/opt/hadoop/2.6.0/share/hadoop/yarn/hadoop-yarn-server-tests-2.6.0.jar:/opt/hadoop/2.6.0/share/hadoop/yarn/hadoop-yarn-server-applicationhistoryservice-2.6.0.jar:/opt/hadoop/2.6.0/share/hadoop/yarn/hadoop-yarn-server-resourcemanager-2.6.0.jar:/opt/hadoop/2.6.0/share/hadoop/yarn/hadoop-yarn-client-2.6.0.jar:/opt/hadoop/2.6.0/share/hadoop/yarn/hadoop-yarn-server-nodemanager-2.6.0.jar:/opt/hadoop/2.6.0/share/hadoop/yarn/hadoop-yarn-api-2.6.0.jar:/opt/hadoop/2.6.0/share/hadoop/yarn/hadoop-yarn-common-2.6.0.jar:/opt/hadoop/2.6.0/share/hadoop/yarn/hadoop-yarn-applications-distributedshell-2.6.0.jar:/opt/hadoop/2.6.0/share/hadoop/mapreduce/lib/jersey-core-1.9.jar:/opt/hadoop/2.6.0/share/hadoop/mapreduce/lib/aopalliance-1.0.jar:/opt/hadoop/2.6.0/share/hadoop/mapreduce/lib/junit-4.11.jar:/opt/hadoop/2.6.0/share/hadoop/mapreduce/lib/javax.inject-1.jar:/opt/hadoop/2.6.0/share/hadoop/mapreduce/lib/guice-servlet-3.0.jar:/opt/hadoop/2.6.0/share/hadoop/mapreduce/lib/protobuf-java-2.5.0.jar:/opt/hadoop/2.6.0/share/hadoop/mapreduce/lib/commons-compress-1.4.1.jar:/opt/hadoop/2.6.0/share/hadoop/mapreduce/lib/commons-io-2.4.jar:/opt/hadoop/2.6.0/share/hadoop/mapreduce/lib/xz-1.0.jar:/opt/hadoop/2.6.0/share/hadoop/mapreduce/lib/log4j-1.2.17.jar:/opt/hadoop/2.6.0/share/hadoop/mapreduce/lib/hadoop-annotations-2.6.0.jar:/opt/hadoop/2.6.0/share/hadoop/mapreduce/lib/paranamer-2.3.jar:/opt/hadoop/2.6.0/share/hadoop/mapreduce/lib/guice-3.0.jar:/opt/hadoop/2.6.0/share/hadoop/mapreduce/lib/jackson-mapper-asl-1.9.13.jar:/opt/hadoop/2.6.0/share/hadoop/mapreduce/lib/avro-1.7.4.jar:/opt/hadoop/2.6.0/share/hadoop/mapreduce/lib/jackson-core-asl-1.9.13.jar:/opt/hadoop/2.6.0/share/hadoop/mapreduce/lib/netty-3.6.2.Final.jar:/opt/hadoop/2.6.0/share/hadoop/mapreduce/lib/leveldbjni-all-1.8.jar:/opt/hadoop/2.6.0/share/hadoop/mapreduce/lib/snappy-java-1.0.4.1.jar:/opt/hadoop/2.6.0/share/hadoop/mapreduce/lib/jersey-server-1.9.jar:/opt/hadoop/2.6.0/share/hadoop/mapreduce/lib/hamcrest-core-1.3.jar:/opt/hadoop/2.6.0/share/hadoop/mapreduce/lib/jersey-guice-1.9.jar:/opt/hadoop/2.6.0/share/hadoop/mapreduce/lib/asm-3.2.jar:/opt/hadoop/2.6.0/share/hadoop/mapreduce/hadoop-mapreduce-client-jobclient-2.6.0.jar:/opt/hadoop/2.6.0/share/hadoop/mapreduce/hadoop-mapreduce-client-app-2.6.0.jar:/opt/hadoop/2.6.0/share/hadoop/mapreduce/hadoop-mapreduce-client-common-2.6.0.jar:/opt/hadoop/2.6.0/share/hadoop/mapreduce/hadoop-mapreduce-client-hs-plugins-2.6.0.jar:/opt/hadoop/2.6.0/share/hadoop/mapreduce/hadoop-mapreduce-client-core-2.6.0.jar:/opt/hadoop/2.6.0/share/hadoop/mapreduce/hadoop-mapreduce-examples-2.6.0.jar:/opt/hadoop/2.6.0/share/hadoop/mapreduce/hadoop-mapreduce-client-shuffle-2.6.0.jar:/opt/hadoop/2.6.0/share/hadoop/mapreduce/hadoop-mapreduce-client-hs-2.6.0.jar:/opt/hadoop/2.6.0/share/hadoop/mapreduce/hadoop-mapreduce-client-jobclient-2.6.0-tests.jar:/opt/hadoop/2.6.0/contrib/capacity-scheduler/*.jar
STARTUP_MSG:   build = https://git-wip-us.apache.org/repos/asf/hadoop.git -r e3496499ecb8d220fba99dc5ed4c99c8f9e33bb1; compiled by 'jenkins' on 2014-11-13T21:10Z
STARTUP_MSG:   java = 1.8.0_212
************************************************************/
20/03/01 08:55:14 INFO namenode.NameNode: registered UNIX signal handlers for [TERM, HUP, INT]
20/03/01 08:55:14 INFO namenode.NameNode: createNameNode [-format]
20/03/01 08:55:14 WARN common.Util: Path /scratch/mxv6938/31828110/namenode_data should be specified as a URI in configuration files. Please update hdfs configuration.
20/03/01 08:55:14 WARN common.Util: Path /scratch/mxv6938/31828110/namenode_data should be specified as a URI in configuration files. Please update hdfs configuration.
Formatting using clusterid: CID-f9556e2a-7ef1-4480-85d9-dba1be641030
20/03/01 08:55:14 INFO namenode.FSNamesystem: No KeyProvider found.
20/03/01 08:55:14 INFO namenode.FSNamesystem: fsLock is fair:true
20/03/01 08:55:14 INFO blockmanagement.DatanodeManager: dfs.block.invalidate.limit=1000
20/03/01 08:55:14 INFO blockmanagement.DatanodeManager: dfs.namenode.datanode.registration.ip-hostname-check=true
20/03/01 08:55:14 INFO blockmanagement.BlockManager: dfs.namenode.startup.delay.block.deletion.sec is set to 000:00:00:00.000
20/03/01 08:55:14 INFO blockmanagement.BlockManager: The block deletion will start around 2020 Mar 01 08:55:14
20/03/01 08:55:14 INFO util.GSet: Computing capacity for map BlocksMap
20/03/01 08:55:14 INFO util.GSet: VM type       = 64-bit
20/03/01 08:55:14 INFO util.GSet: 2.0% max memory 958.5 MB = 19.2 MB
20/03/01 08:55:14 INFO util.GSet: capacity      = 2^21 = 2097152 entries
20/03/01 08:55:14 INFO blockmanagement.BlockManager: dfs.block.access.token.enable=false
20/03/01 08:55:14 INFO blockmanagement.BlockManager: defaultReplication         = 3
20/03/01 08:55:14 INFO blockmanagement.BlockManager: maxReplication             = 512
20/03/01 08:55:14 INFO blockmanagement.BlockManager: minReplication             = 1
20/03/01 08:55:14 INFO blockmanagement.BlockManager: maxReplicationStreams      = 2
20/03/01 08:55:14 INFO blockmanagement.BlockManager: shouldCheckForEnoughRacks  = false
20/03/01 08:55:14 INFO blockmanagement.BlockManager: replicationRecheckInterval = 3000
20/03/01 08:55:14 INFO blockmanagement.BlockManager: encryptDataTransfer        = false
20/03/01 08:55:14 INFO blockmanagement.BlockManager: maxNumBlocksToLog          = 1000
20/03/01 08:55:14 INFO namenode.FSNamesystem: fsOwner             = mxv6938 (auth:SIMPLE)
20/03/01 08:55:14 INFO namenode.FSNamesystem: supergroup          = supergroup
20/03/01 08:55:14 INFO namenode.FSNamesystem: isPermissionEnabled = true
20/03/01 08:55:14 INFO namenode.FSNamesystem: HA Enabled: false
20/03/01 08:55:14 INFO namenode.FSNamesystem: Append Enabled: true
20/03/01 08:55:14 INFO util.GSet: Computing capacity for map INodeMap
20/03/01 08:55:14 INFO util.GSet: VM type       = 64-bit
20/03/01 08:55:14 INFO util.GSet: 1.0% max memory 958.5 MB = 9.6 MB
20/03/01 08:55:14 INFO util.GSet: capacity      = 2^20 = 1048576 entries
20/03/01 08:55:14 INFO namenode.NameNode: Caching file names occuring more than 10 times
20/03/01 08:55:14 INFO util.GSet: Computing capacity for map cachedBlocks
20/03/01 08:55:14 INFO util.GSet: VM type       = 64-bit
20/03/01 08:55:14 INFO util.GSet: 0.25% max memory 958.5 MB = 2.4 MB
20/03/01 08:55:14 INFO util.GSet: capacity      = 2^18 = 262144 entries
20/03/01 08:55:14 INFO namenode.FSNamesystem: dfs.namenode.safemode.threshold-pct = 0.9990000128746033
20/03/01 08:55:14 INFO namenode.FSNamesystem: dfs.namenode.safemode.min.datanodes = 0
20/03/01 08:55:14 INFO namenode.FSNamesystem: dfs.namenode.safemode.extension     = 30000
20/03/01 08:55:14 INFO namenode.FSNamesystem: Retry cache on namenode is enabled
20/03/01 08:55:14 INFO namenode.FSNamesystem: Retry cache will use 0.03 of total heap and retry cache entry expiry time is 600000 millis
20/03/01 08:55:14 INFO util.GSet: Computing capacity for map NameNodeRetryCache
20/03/01 08:55:14 INFO util.GSet: VM type       = 64-bit
20/03/01 08:55:14 INFO util.GSet: 0.029999999329447746% max memory 958.5 MB = 294.5 KB
20/03/01 08:55:14 INFO util.GSet: capacity      = 2^15 = 32768 entries
20/03/01 08:55:14 INFO namenode.NNConf: ACLs enabled? false
20/03/01 08:55:14 INFO namenode.NNConf: XAttrs enabled? true
20/03/01 08:55:14 INFO namenode.NNConf: Maximum size of an xattr: 16384
20/03/01 08:55:14 INFO namenode.FSImage: Allocated new BlockPoolId: BP-820937204-198.202.112.94-1583081714728
20/03/01 08:55:14 INFO common.Storage: Storage directory /scratch/mxv6938/31828110/namenode_data has been successfully formatted.
20/03/01 08:55:14 INFO namenode.NNStorageRetentionManager: Going to retain 1 images with txid >= 0
20/03/01 08:55:14 INFO util.ExitUtil: Exiting with status 0
20/03/01 08:55:14 INFO namenode.NameNode: SHUTDOWN_MSG: 
/************************************************************
SHUTDOWN_MSG: Shutting down NameNode at comet-05-29.sdsc.edu/198.202.112.94
************************************************************/
Starting namenodes on [comet-05-29.ibnet]
comet-05-29.ibnet: starting namenode, logging to /scratch/mxv6938/31828110/logs/hadoop-mxv6938-namenode-comet-05-29.sdsc.edu.out
comet-05-29.ibnet: starting datanode, logging to /scratch/mxv6938/31828110/logs/hadoop-mxv6938-datanode-comet-05-29.sdsc.edu.out
comet-05-46.ibnet: starting datanode, logging to /scratch/mxv6938/31828110/logs/hadoop-mxv6938-datanode-comet-05-46.sdsc.edu.out
Starting secondary namenodes [comet-05-29.ibnet]
comet-05-29.ibnet: starting secondarynamenode, logging to /scratch/mxv6938/31828110/logs/hadoop-mxv6938-secondarynamenode-comet-05-29.sdsc.edu.out
starting yarn daemons
starting resourcemanager, logging to /scratch/mxv6938/31828110/logs/yarn-mxv6938-resourcemanager-comet-05-29.out
comet-05-29.ibnet: starting nodemanager, logging to /scratch/mxv6938/31828110/logs/yarn-mxv6938-nodemanager-comet-05-29.sdsc.edu.out
comet-05-46.ibnet: starting nodemanager, logging to /scratch/mxv6938/31828110/logs/yarn-mxv6938-nodemanager-comet-05-46.sdsc.edu.out
20/03/01 08:55:41 INFO client.RMProxy: Connecting to ResourceManager at comet-05-29.ibnet/10.22.254.194:8032
20/03/01 08:55:42 WARN mapreduce.JobSubmitter: Hadoop command-line option parsing not performed. Implement the Tool interface and execute your application with ToolRunner to remedy this.
20/03/01 08:55:42 INFO input.FileInputFormat: Total input paths to process : 1
20/03/01 08:55:42 INFO mapreduce.JobSubmitter: number of splits:3
20/03/01 08:55:42 INFO mapreduce.JobSubmitter: Submitting tokens for job: job_1583081732778_0001
20/03/01 08:55:42 INFO impl.YarnClientImpl: Submitted application application_1583081732778_0001
20/03/01 08:55:42 INFO mapreduce.Job: The url to track the job: http://comet-05-29.ibnet:8088/proxy/application_1583081732778_0001/
20/03/01 08:55:42 INFO mapreduce.Job: Running job: job_1583081732778_0001
20/03/01 08:55:47 INFO mapreduce.Job: Job job_1583081732778_0001 running in uber mode : false
20/03/01 08:55:47 INFO mapreduce.Job:  map 0% reduce 0%
20/03/01 08:55:58 INFO mapreduce.Job:  map 11% reduce 0%
20/03/01 08:56:04 INFO mapreduce.Job:  map 12% reduce 0%
20/03/01 08:56:07 INFO mapreduce.Job:  map 21% reduce 0%
20/03/01 08:56:16 INFO mapreduce.Job:  map 29% reduce 0%
20/03/01 08:56:19 INFO mapreduce.Job:  map 30% reduce 0%
20/03/01 08:56:28 INFO mapreduce.Job:  map 39% reduce 0%
20/03/01 08:56:37 INFO mapreduce.Job:  map 41% reduce 0%
20/03/01 08:56:39 INFO mapreduce.Job:  map 52% reduce 0%
20/03/01 08:56:40 INFO mapreduce.Job:  map 55% reduce 0%
20/03/01 08:56:49 INFO mapreduce.Job:  map 58% reduce 11%
20/03/01 08:56:52 INFO mapreduce.Job:  map 59% reduce 11%
20/03/01 08:57:01 INFO mapreduce.Job:  map 63% reduce 11%
20/03/01 08:57:10 INFO mapreduce.Job:  map 65% reduce 11%
20/03/01 08:57:13 INFO mapreduce.Job:  map 67% reduce 11%
20/03/01 08:57:22 INFO mapreduce.Job:  map 71% reduce 11%
20/03/01 08:57:31 INFO mapreduce.Job:  map 72% reduce 11%
20/03/01 08:57:34 INFO mapreduce.Job:  map 75% reduce 11%
20/03/01 08:57:43 INFO mapreduce.Job:  map 77% reduce 11%
20/03/01 08:57:47 INFO mapreduce.Job:  map 78% reduce 11%
20/03/01 08:57:50 INFO mapreduce.Job:  map 89% reduce 11%
20/03/01 08:57:52 INFO mapreduce.Job:  map 100% reduce 22%
20/03/01 08:57:53 INFO mapreduce.Job:  map 100% reduce 100%
20/03/01 08:57:53 INFO mapreduce.Job: Job job_1583081732778_0001 completed successfully
20/03/01 08:57:54 INFO mapreduce.Job: Counters: 50
	File System Counters
		FILE: Number of bytes read=261300
		FILE: Number of bytes written=708619
		FILE: Number of read operations=0
		FILE: Number of large read operations=0
		FILE: Number of write operations=0
		HDFS: Number of bytes read=321333367
		HDFS: Number of bytes written=10422
		HDFS: Number of read operations=12
		HDFS: Number of large read operations=0
		HDFS: Number of write operations=2
	Job Counters 
		Killed map tasks=2
		Launched map tasks=5
		Launched reduce tasks=1
		Data-local map tasks=5
		Total time spent by all maps in occupied slots (ms)=419495
		Total time spent by all reduces in occupied slots (ms)=71766
		Total time spent by all map tasks (ms)=419495
		Total time spent by all reduce tasks (ms)=71766
		Total vcore-seconds taken by all map tasks=419495
		Total vcore-seconds taken by all reduce tasks=71766
		Total megabyte-seconds taken by all map tasks=429562880
		Total megabyte-seconds taken by all reduce tasks=73488384
	Map-Reduce Framework
		Map input records=30000000
		Map output records=90000000
		Map output bytes=720000000
		Map output materialized bytes=23058
		Input split bytes=375
		Combine input records=90020736
		Combine output records=23040
		Reduce input groups=768
		Reduce shuffle bytes=23058
		Reduce input records=2304
		Reduce output records=768
		Spilled Records=28416
		Shuffled Maps =3
		Failed Shuffles=0
		Merged Map outputs=3
		GC time elapsed (ms)=656
		CPU time spent (ms)=313910
		Physical memory (bytes) snapshot=1039028224
		Virtual memory (bytes) snapshot=8842043392
		Total committed heap usage (bytes)=764411904
	Shuffle Errors
		BAD_ID=0
		CONNECTION=0
		IO_ERROR=0
		WRONG_LENGTH=0
		WRONG_MAP=0
		WRONG_REDUCE=0
	File Input Format Counters 
		Bytes Read=321332992
	File Output Format Counters 
		Bytes Written=10422
20/03/01 08:57:54 INFO client.RMProxy: Connecting to ResourceManager at comet-05-29.ibnet/10.22.254.194:8032
20/03/01 08:57:54 WARN mapreduce.JobSubmitter: Hadoop command-line option parsing not performed. Implement the Tool interface and execute your application with ToolRunner to remedy this.
20/03/01 08:57:54 INFO input.FileInputFormat: Total input paths to process : 1
20/03/01 08:57:54 INFO mapreduce.JobSubmitter: number of splits:3
20/03/01 08:57:54 INFO mapreduce.JobSubmitter: Submitting tokens for job: job_1583081732778_0002
20/03/01 08:57:54 INFO impl.YarnClientImpl: Submitted application application_1583081732778_0002
20/03/01 08:57:54 INFO mapreduce.Job: The url to track the job: http://comet-05-29.ibnet:8088/proxy/application_1583081732778_0002/
20/03/01 08:57:54 INFO mapreduce.Job: Running job: job_1583081732778_0002
20/03/01 08:57:58 INFO mapreduce.Job: Job job_1583081732778_0002 running in uber mode : false
20/03/01 08:57:58 INFO mapreduce.Job:  map 0% reduce 0%
20/03/01 08:58:08 INFO mapreduce.Job:  map 2% reduce 0%
20/03/01 08:58:11 INFO mapreduce.Job:  map 3% reduce 0%
20/03/01 08:58:14 INFO mapreduce.Job:  map 5% reduce 0%
20/03/01 08:58:17 INFO mapreduce.Job:  map 6% reduce 0%
20/03/01 08:58:20 INFO mapreduce.Job:  map 7% reduce 0%
20/03/01 08:58:23 INFO mapreduce.Job:  map 8% reduce 0%
20/03/01 08:58:26 INFO mapreduce.Job:  map 9% reduce 0%
20/03/01 08:58:29 INFO mapreduce.Job:  map 10% reduce 0%
20/03/01 08:58:32 INFO mapreduce.Job:  map 11% reduce 0%
20/03/01 08:58:38 INFO mapreduce.Job:  map 12% reduce 0%
20/03/01 08:58:41 INFO mapreduce.Job:  map 13% reduce 0%
20/03/01 08:58:44 INFO mapreduce.Job:  map 14% reduce 0%
20/03/01 08:58:47 INFO mapreduce.Job:  map 15% reduce 0%
20/03/01 08:58:50 INFO mapreduce.Job:  map 16% reduce 0%
20/03/01 08:58:53 INFO mapreduce.Job:  map 17% reduce 0%
20/03/01 08:58:56 INFO mapreduce.Job:  map 18% reduce 0%
20/03/01 08:58:59 INFO mapreduce.Job:  map 20% reduce 0%
20/03/01 08:59:08 INFO mapreduce.Job:  map 21% reduce 0%
20/03/01 08:59:11 INFO mapreduce.Job:  map 22% reduce 0%
20/03/01 08:59:14 INFO mapreduce.Job:  map 23% reduce 0%
20/03/01 08:59:17 INFO mapreduce.Job:  map 24% reduce 0%
20/03/01 08:59:20 INFO mapreduce.Job:  map 25% reduce 0%
20/03/01 08:59:23 INFO mapreduce.Job:  map 27% reduce 0%
20/03/01 08:59:26 INFO mapreduce.Job:  map 28% reduce 0%
20/03/01 08:59:29 INFO mapreduce.Job:  map 29% reduce 0%
20/03/01 08:59:32 INFO mapreduce.Job:  map 30% reduce 0%
20/03/01 08:59:38 INFO mapreduce.Job:  map 31% reduce 0%
20/03/01 08:59:44 INFO mapreduce.Job:  map 32% reduce 0%
20/03/01 08:59:47 INFO mapreduce.Job:  map 33% reduce 0%
20/03/01 08:59:48 INFO mapreduce.Job:  map 34% reduce 0%
20/03/01 08:59:50 INFO mapreduce.Job:  map 35% reduce 0%
20/03/01 08:59:53 INFO mapreduce.Job:  map 36% reduce 0%
20/03/01 08:59:57 INFO mapreduce.Job:  map 37% reduce 0%
20/03/01 09:00:00 INFO mapreduce.Job:  map 38% reduce 0%
20/03/01 09:00:03 INFO mapreduce.Job:  map 39% reduce 0%
20/03/01 09:00:09 INFO mapreduce.Job:  map 40% reduce 0%
20/03/01 09:00:12 INFO mapreduce.Job:  map 44% reduce 0%
20/03/01 09:00:15 INFO mapreduce.Job:  map 49% reduce 0%
20/03/01 09:00:16 INFO mapreduce.Job:  map 51% reduce 0%
20/03/01 09:00:18 INFO mapreduce.Job:  map 52% reduce 0%
20/03/01 09:00:24 INFO mapreduce.Job:  map 53% reduce 0%
20/03/01 09:00:26 INFO mapreduce.Job:  map 53% reduce 11%
20/03/01 09:00:30 INFO mapreduce.Job:  map 54% reduce 11%
20/03/01 09:00:39 INFO mapreduce.Job:  map 55% reduce 11%
20/03/01 09:00:48 INFO mapreduce.Job:  map 56% reduce 11%
20/03/01 09:00:54 INFO mapreduce.Job:  map 57% reduce 11%
20/03/01 09:01:00 INFO mapreduce.Job:  map 58% reduce 11%
20/03/01 09:01:09 INFO mapreduce.Job:  map 59% reduce 11%
20/03/01 09:01:15 INFO mapreduce.Job:  map 60% reduce 11%
20/03/01 09:01:24 INFO mapreduce.Job:  map 61% reduce 11%
20/03/01 09:01:30 INFO mapreduce.Job:  map 62% reduce 11%
20/03/01 09:01:39 INFO mapreduce.Job:  map 63% reduce 11%
20/03/01 09:01:45 INFO mapreduce.Job:  map 64% reduce 11%
20/03/01 09:01:54 INFO mapreduce.Job:  map 65% reduce 11%
20/03/01 09:02:00 INFO mapreduce.Job:  map 66% reduce 11%
20/03/01 09:02:09 INFO mapreduce.Job:  map 67% reduce 11%
20/03/01 09:02:16 INFO mapreduce.Job:  map 68% reduce 11%
20/03/01 09:02:25 INFO mapreduce.Job:  map 69% reduce 11%
20/03/01 09:02:31 INFO mapreduce.Job:  map 70% reduce 11%
20/03/01 09:02:40 INFO mapreduce.Job:  map 71% reduce 11%
20/03/01 09:02:46 INFO mapreduce.Job:  map 72% reduce 11%
20/03/01 09:02:55 INFO mapreduce.Job:  map 73% reduce 11%
20/03/01 09:03:01 INFO mapreduce.Job:  map 74% reduce 11%
20/03/01 09:03:10 INFO mapreduce.Job:  map 75% reduce 11%
20/03/01 09:03:16 INFO mapreduce.Job:  map 76% reduce 11%
20/03/01 09:03:22 INFO mapreduce.Job:  map 77% reduce 11%
20/03/01 09:03:31 INFO mapreduce.Job:  map 79% reduce 11%
20/03/01 09:03:34 INFO mapreduce.Job:  map 80% reduce 11%
20/03/01 09:03:37 INFO mapreduce.Job:  map 82% reduce 11%
20/03/01 09:03:40 INFO mapreduce.Job:  map 84% reduce 11%
20/03/01 09:03:43 INFO mapreduce.Job:  map 85% reduce 11%
20/03/01 09:03:46 INFO mapreduce.Job:  map 87% reduce 11%
20/03/01 09:03:49 INFO mapreduce.Job:  map 90% reduce 11%
20/03/01 09:03:52 INFO mapreduce.Job:  map 92% reduce 22%
20/03/01 09:03:55 INFO mapreduce.Job:  map 94% reduce 22%
20/03/01 09:03:58 INFO mapreduce.Job:  map 95% reduce 22%
20/03/01 09:04:01 INFO mapreduce.Job:  map 97% reduce 22%
20/03/01 09:04:04 INFO mapreduce.Job:  map 98% reduce 22%
20/03/01 09:04:07 INFO mapreduce.Job:  map 100% reduce 22%
20/03/01 09:04:10 INFO mapreduce.Job:  map 100% reduce 67%
20/03/01 09:04:13 INFO mapreduce.Job:  map 100% reduce 69%
20/03/01 09:04:16 INFO mapreduce.Job:  map 100% reduce 71%
20/03/01 09:04:19 INFO mapreduce.Job:  map 100% reduce 74%
20/03/01 09:04:22 INFO mapreduce.Job:  map 100% reduce 76%
20/03/01 09:04:25 INFO mapreduce.Job:  map 100% reduce 78%
20/03/01 09:04:28 INFO mapreduce.Job:  map 100% reduce 81%
20/03/01 09:04:31 INFO mapreduce.Job:  map 100% reduce 83%
20/03/01 09:04:34 INFO mapreduce.Job:  map 100% reduce 85%
20/03/01 09:04:37 INFO mapreduce.Job:  map 100% reduce 88%
20/03/01 09:04:40 INFO mapreduce.Job:  map 100% reduce 90%
20/03/01 09:04:43 INFO mapreduce.Job:  map 100% reduce 92%
20/03/01 09:04:46 INFO mapreduce.Job:  map 100% reduce 94%
20/03/01 09:04:49 INFO mapreduce.Job:  map 100% reduce 97%
20/03/01 09:04:52 INFO mapreduce.Job:  map 100% reduce 99%
20/03/01 09:04:54 INFO mapreduce.Job:  map 100% reduce 100%
20/03/01 09:04:54 INFO mapreduce.Job: Job job_1583081732778_0002 completed successfully
20/03/01 09:04:54 INFO mapreduce.Job: Counters: 50
	File System Counters
		FILE: Number of bytes read=1922714802
		FILE: Number of bytes written=2830169733
		FILE: Number of read operations=0
		FILE: Number of large read operations=0
		FILE: Number of write operations=0
		HDFS: Number of bytes read=321333367
		HDFS: Number of bytes written=10422
		HDFS: Number of read operations=12
		HDFS: Number of large read operations=0
		HDFS: Number of write operations=2
	Job Counters 
		Killed map tasks=2
		Launched map tasks=5
		Launched reduce tasks=1
		Data-local map tasks=5
		Total time spent by all maps in occupied slots (ms)=1282153
		Total time spent by all reduces in occupied slots (ms)=275304
		Total time spent by all map tasks (ms)=1282153
		Total time spent by all reduce tasks (ms)=275304
		Total vcore-seconds taken by all map tasks=1282153
		Total vcore-seconds taken by all reduce tasks=275304
		Total megabyte-seconds taken by all map tasks=1312924672
		Total megabyte-seconds taken by all reduce tasks=281911296
	Map-Reduce Framework
		Map input records=30000000
		Map output records=90000000
		Map output bytes=720000000
		Map output materialized bytes=900000018
		Input split bytes=375
		Combine input records=0
		Combine output records=0
		Reduce input groups=768
		Reduce shuffle bytes=900000018
		Reduce input records=90000000
		Reduce output records=768
		Spilled Records=282271461
		Shuffled Maps =3
		Failed Shuffles=0
		Merged Map outputs=3
		GC time elapsed (ms)=2145
		CPU time spent (ms)=1055560
		Physical memory (bytes) snapshot=955682816
		Virtual memory (bytes) snapshot=8833118208
		Total committed heap usage (bytes)=672137216
	Shuffle Errors
		BAD_ID=0
		CONNECTION=0
		IO_ERROR=0
		WRONG_LENGTH=0
		WRONG_MAP=0
		WRONG_REDUCE=0
	File Input Format Counters 
		Bytes Read=321332992
	File Output Format Counters 
		Bytes Written=10422
stopping yarn daemons
stopping resourcemanager
comet-05-29.ibnet: stopping nodemanager
comet-05-29.ibnet: nodemanager did not stop gracefully after 5 seconds: killing with kill -9
comet-05-46.ibnet: stopping nodemanager
comet-05-46.ibnet: nodemanager did not stop gracefully after 5 seconds: killing with kill -9
no proxyserver to stop
Stopping namenodes on [comet-05-29.ibnet]
comet-05-29.ibnet: stopping namenode
comet-05-29.ibnet: stopping datanode
comet-05-46.ibnet: stopping datanode
Stopping secondary namenodes [comet-05-29.ibnet]
comet-05-29.ibnet: stopping secondarynamenode
Copying Hadoop logs back to /home/mxv6938/cometcluster/logs...
‘/scratch/mxv6938/31828110/logs’ -> ‘/home/mxv6938/cometcluster/logs’
‘/scratch/mxv6938/31828110/logs/hadoop-mxv6938-secondarynamenode-comet-05-29.sdsc.edu.out’ -> ‘/home/mxv6938/cometcluster/logs/hadoop-mxv6938-secondarynamenode-comet-05-29.sdsc.edu.out’
‘/scratch/mxv6938/31828110/logs/hadoop-mxv6938-namenode-comet-05-29.sdsc.edu.log’ -> ‘/home/mxv6938/cometcluster/logs/hadoop-mxv6938-namenode-comet-05-29.sdsc.edu.log’
‘/scratch/mxv6938/31828110/logs/yarn-mxv6938-nodemanager-comet-05-29.sdsc.edu.out’ -> ‘/home/mxv6938/cometcluster/logs/yarn-mxv6938-nodemanager-comet-05-29.sdsc.edu.out’
‘/scratch/mxv6938/31828110/logs/hadoop-mxv6938-datanode-comet-05-29.sdsc.edu.log’ -> ‘/home/mxv6938/cometcluster/logs/hadoop-mxv6938-datanode-comet-05-29.sdsc.edu.log’
‘/scratch/mxv6938/31828110/logs/userlogs’ -> ‘/home/mxv6938/cometcluster/logs/userlogs’
‘/scratch/mxv6938/31828110/logs/userlogs/application_1583081732778_0002’ -> ‘/home/mxv6938/cometcluster/logs/userlogs/application_1583081732778_0002’
‘/scratch/mxv6938/31828110/logs/userlogs/application_1583081732778_0002/container_1583081732778_0002_01_000007’ -> ‘/home/mxv6938/cometcluster/logs/userlogs/application_1583081732778_0002/container_1583081732778_0002_01_000007’
‘/scratch/mxv6938/31828110/logs/userlogs/application_1583081732778_0002/container_1583081732778_0002_01_000007/stderr’ -> ‘/home/mxv6938/cometcluster/logs/userlogs/application_1583081732778_0002/container_1583081732778_0002_01_000007/stderr’
‘/scratch/mxv6938/31828110/logs/userlogs/application_1583081732778_0002/container_1583081732778_0002_01_000007/syslog’ -> ‘/home/mxv6938/cometcluster/logs/userlogs/application_1583081732778_0002/container_1583081732778_0002_01_000007/syslog’
‘/scratch/mxv6938/31828110/logs/userlogs/application_1583081732778_0002/container_1583081732778_0002_01_000007/stdout’ -> ‘/home/mxv6938/cometcluster/logs/userlogs/application_1583081732778_0002/container_1583081732778_0002_01_000007/stdout’
‘/scratch/mxv6938/31828110/logs/userlogs/application_1583081732778_0002/container_1583081732778_0002_01_000004’ -> ‘/home/mxv6938/cometcluster/logs/userlogs/application_1583081732778_0002/container_1583081732778_0002_01_000004’
‘/scratch/mxv6938/31828110/logs/userlogs/application_1583081732778_0002/container_1583081732778_0002_01_000004/stderr’ -> ‘/home/mxv6938/cometcluster/logs/userlogs/application_1583081732778_0002/container_1583081732778_0002_01_000004/stderr’
‘/scratch/mxv6938/31828110/logs/userlogs/application_1583081732778_0002/container_1583081732778_0002_01_000004/syslog’ -> ‘/home/mxv6938/cometcluster/logs/userlogs/application_1583081732778_0002/container_1583081732778_0002_01_000004/syslog’
‘/scratch/mxv6938/31828110/logs/userlogs/application_1583081732778_0002/container_1583081732778_0002_01_000004/stdout’ -> ‘/home/mxv6938/cometcluster/logs/userlogs/application_1583081732778_0002/container_1583081732778_0002_01_000004/stdout’
‘/scratch/mxv6938/31828110/logs/userlogs/application_1583081732778_0002/container_1583081732778_0002_01_000003’ -> ‘/home/mxv6938/cometcluster/logs/userlogs/application_1583081732778_0002/container_1583081732778_0002_01_000003’
‘/scratch/mxv6938/31828110/logs/userlogs/application_1583081732778_0002/container_1583081732778_0002_01_000003/stderr’ -> ‘/home/mxv6938/cometcluster/logs/userlogs/application_1583081732778_0002/container_1583081732778_0002_01_000003/stderr’
‘/scratch/mxv6938/31828110/logs/userlogs/application_1583081732778_0002/container_1583081732778_0002_01_000003/syslog’ -> ‘/home/mxv6938/cometcluster/logs/userlogs/application_1583081732778_0002/container_1583081732778_0002_01_000003/syslog’
‘/scratch/mxv6938/31828110/logs/userlogs/application_1583081732778_0002/container_1583081732778_0002_01_000003/stdout’ -> ‘/home/mxv6938/cometcluster/logs/userlogs/application_1583081732778_0002/container_1583081732778_0002_01_000003/stdout’
‘/scratch/mxv6938/31828110/logs/userlogs/application_1583081732778_0002/container_1583081732778_0002_01_000001’ -> ‘/home/mxv6938/cometcluster/logs/userlogs/application_1583081732778_0002/container_1583081732778_0002_01_000001’
‘/scratch/mxv6938/31828110/logs/userlogs/application_1583081732778_0002/container_1583081732778_0002_01_000001/stdout’ -> ‘/home/mxv6938/cometcluster/logs/userlogs/application_1583081732778_0002/container_1583081732778_0002_01_000001/stdout’
‘/scratch/mxv6938/31828110/logs/userlogs/application_1583081732778_0002/container_1583081732778_0002_01_000001/syslog’ -> ‘/home/mxv6938/cometcluster/logs/userlogs/application_1583081732778_0002/container_1583081732778_0002_01_000001/syslog’
‘/scratch/mxv6938/31828110/logs/userlogs/application_1583081732778_0002/container_1583081732778_0002_01_000001/stderr’ -> ‘/home/mxv6938/cometcluster/logs/userlogs/application_1583081732778_0002/container_1583081732778_0002_01_000001/stderr’
‘/scratch/mxv6938/31828110/logs/userlogs/application_1583081732778_0002/container_1583081732778_0002_01_000006’ -> ‘/home/mxv6938/cometcluster/logs/userlogs/application_1583081732778_0002/container_1583081732778_0002_01_000006’
‘/scratch/mxv6938/31828110/logs/userlogs/application_1583081732778_0002/container_1583081732778_0002_01_000006/syslog’ -> ‘/home/mxv6938/cometcluster/logs/userlogs/application_1583081732778_0002/container_1583081732778_0002_01_000006/syslog’
‘/scratch/mxv6938/31828110/logs/userlogs/application_1583081732778_0002/container_1583081732778_0002_01_000006/stdout’ -> ‘/home/mxv6938/cometcluster/logs/userlogs/application_1583081732778_0002/container_1583081732778_0002_01_000006/stdout’
‘/scratch/mxv6938/31828110/logs/userlogs/application_1583081732778_0002/container_1583081732778_0002_01_000006/stderr’ -> ‘/home/mxv6938/cometcluster/logs/userlogs/application_1583081732778_0002/container_1583081732778_0002_01_000006/stderr’
‘/scratch/mxv6938/31828110/logs/userlogs/application_1583081732778_0002/container_1583081732778_0002_01_000002’ -> ‘/home/mxv6938/cometcluster/logs/userlogs/application_1583081732778_0002/container_1583081732778_0002_01_000002’
‘/scratch/mxv6938/31828110/logs/userlogs/application_1583081732778_0002/container_1583081732778_0002_01_000002/stderr’ -> ‘/home/mxv6938/cometcluster/logs/userlogs/application_1583081732778_0002/container_1583081732778_0002_01_000002/stderr’
‘/scratch/mxv6938/31828110/logs/userlogs/application_1583081732778_0002/container_1583081732778_0002_01_000002/stdout’ -> ‘/home/mxv6938/cometcluster/logs/userlogs/application_1583081732778_0002/container_1583081732778_0002_01_000002/stdout’
‘/scratch/mxv6938/31828110/logs/userlogs/application_1583081732778_0002/container_1583081732778_0002_01_000002/syslog’ -> ‘/home/mxv6938/cometcluster/logs/userlogs/application_1583081732778_0002/container_1583081732778_0002_01_000002/syslog’
‘/scratch/mxv6938/31828110/logs/userlogs/application_1583081732778_0002/container_1583081732778_0002_01_000005’ -> ‘/home/mxv6938/cometcluster/logs/userlogs/application_1583081732778_0002/container_1583081732778_0002_01_000005’
‘/scratch/mxv6938/31828110/logs/userlogs/application_1583081732778_0002/container_1583081732778_0002_01_000005/syslog’ -> ‘/home/mxv6938/cometcluster/logs/userlogs/application_1583081732778_0002/container_1583081732778_0002_01_000005/syslog’
‘/scratch/mxv6938/31828110/logs/userlogs/application_1583081732778_0002/container_1583081732778_0002_01_000005/stdout’ -> ‘/home/mxv6938/cometcluster/logs/userlogs/application_1583081732778_0002/container_1583081732778_0002_01_000005/stdout’
‘/scratch/mxv6938/31828110/logs/userlogs/application_1583081732778_0002/container_1583081732778_0002_01_000005/stderr’ -> ‘/home/mxv6938/cometcluster/logs/userlogs/application_1583081732778_0002/container_1583081732778_0002_01_000005/stderr’
‘/scratch/mxv6938/31828110/logs/userlogs/application_1583081732778_0001’ -> ‘/home/mxv6938/cometcluster/logs/userlogs/application_1583081732778_0001’
‘/scratch/mxv6938/31828110/logs/userlogs/application_1583081732778_0001/container_1583081732778_0001_01_000006’ -> ‘/home/mxv6938/cometcluster/logs/userlogs/application_1583081732778_0001/container_1583081732778_0001_01_000006’
‘/scratch/mxv6938/31828110/logs/userlogs/application_1583081732778_0001/container_1583081732778_0001_01_000006/syslog’ -> ‘/home/mxv6938/cometcluster/logs/userlogs/application_1583081732778_0001/container_1583081732778_0001_01_000006/syslog’
‘/scratch/mxv6938/31828110/logs/userlogs/application_1583081732778_0001/container_1583081732778_0001_01_000006/stdout’ -> ‘/home/mxv6938/cometcluster/logs/userlogs/application_1583081732778_0001/container_1583081732778_0001_01_000006/stdout’
‘/scratch/mxv6938/31828110/logs/userlogs/application_1583081732778_0001/container_1583081732778_0001_01_000006/stderr’ -> ‘/home/mxv6938/cometcluster/logs/userlogs/application_1583081732778_0001/container_1583081732778_0001_01_000006/stderr’
‘/scratch/mxv6938/31828110/logs/userlogs/application_1583081732778_0001/container_1583081732778_0001_01_000002’ -> ‘/home/mxv6938/cometcluster/logs/userlogs/application_1583081732778_0001/container_1583081732778_0001_01_000002’
‘/scratch/mxv6938/31828110/logs/userlogs/application_1583081732778_0001/container_1583081732778_0001_01_000002/stdout’ -> ‘/home/mxv6938/cometcluster/logs/userlogs/application_1583081732778_0001/container_1583081732778_0001_01_000002/stdout’
‘/scratch/mxv6938/31828110/logs/userlogs/application_1583081732778_0001/container_1583081732778_0001_01_000002/syslog’ -> ‘/home/mxv6938/cometcluster/logs/userlogs/application_1583081732778_0001/container_1583081732778_0001_01_000002/syslog’
‘/scratch/mxv6938/31828110/logs/userlogs/application_1583081732778_0001/container_1583081732778_0001_01_000002/stderr’ -> ‘/home/mxv6938/cometcluster/logs/userlogs/application_1583081732778_0001/container_1583081732778_0001_01_000002/stderr’
‘/scratch/mxv6938/31828110/logs/userlogs/application_1583081732778_0001/container_1583081732778_0001_01_000005’ -> ‘/home/mxv6938/cometcluster/logs/userlogs/application_1583081732778_0001/container_1583081732778_0001_01_000005’
‘/scratch/mxv6938/31828110/logs/userlogs/application_1583081732778_0001/container_1583081732778_0001_01_000005/syslog’ -> ‘/home/mxv6938/cometcluster/logs/userlogs/application_1583081732778_0001/container_1583081732778_0001_01_000005/syslog’
‘/scratch/mxv6938/31828110/logs/userlogs/application_1583081732778_0001/container_1583081732778_0001_01_000005/stdout’ -> ‘/home/mxv6938/cometcluster/logs/userlogs/application_1583081732778_0001/container_1583081732778_0001_01_000005/stdout’
‘/scratch/mxv6938/31828110/logs/userlogs/application_1583081732778_0001/container_1583081732778_0001_01_000005/stderr’ -> ‘/home/mxv6938/cometcluster/logs/userlogs/application_1583081732778_0001/container_1583081732778_0001_01_000005/stderr’
‘/scratch/mxv6938/31828110/logs/userlogs/application_1583081732778_0001/container_1583081732778_0001_01_000007’ -> ‘/home/mxv6938/cometcluster/logs/userlogs/application_1583081732778_0001/container_1583081732778_0001_01_000007’
‘/scratch/mxv6938/31828110/logs/userlogs/application_1583081732778_0001/container_1583081732778_0001_01_000007/stderr’ -> ‘/home/mxv6938/cometcluster/logs/userlogs/application_1583081732778_0001/container_1583081732778_0001_01_000007/stderr’
‘/scratch/mxv6938/31828110/logs/userlogs/application_1583081732778_0001/container_1583081732778_0001_01_000007/syslog’ -> ‘/home/mxv6938/cometcluster/logs/userlogs/application_1583081732778_0001/container_1583081732778_0001_01_000007/syslog’
‘/scratch/mxv6938/31828110/logs/userlogs/application_1583081732778_0001/container_1583081732778_0001_01_000007/stdout’ -> ‘/home/mxv6938/cometcluster/logs/userlogs/application_1583081732778_0001/container_1583081732778_0001_01_000007/stdout’
‘/scratch/mxv6938/31828110/logs/userlogs/application_1583081732778_0001/container_1583081732778_0001_01_000004’ -> ‘/home/mxv6938/cometcluster/logs/userlogs/application_1583081732778_0001/container_1583081732778_0001_01_000004’
‘/scratch/mxv6938/31828110/logs/userlogs/application_1583081732778_0001/container_1583081732778_0001_01_000004/stdout’ -> ‘/home/mxv6938/cometcluster/logs/userlogs/application_1583081732778_0001/container_1583081732778_0001_01_000004/stdout’
‘/scratch/mxv6938/31828110/logs/userlogs/application_1583081732778_0001/container_1583081732778_0001_01_000004/syslog’ -> ‘/home/mxv6938/cometcluster/logs/userlogs/application_1583081732778_0001/container_1583081732778_0001_01_000004/syslog’
‘/scratch/mxv6938/31828110/logs/userlogs/application_1583081732778_0001/container_1583081732778_0001_01_000004/stderr’ -> ‘/home/mxv6938/cometcluster/logs/userlogs/application_1583081732778_0001/container_1583081732778_0001_01_000004/stderr’
‘/scratch/mxv6938/31828110/logs/userlogs/application_1583081732778_0001/container_1583081732778_0001_01_000003’ -> ‘/home/mxv6938/cometcluster/logs/userlogs/application_1583081732778_0001/container_1583081732778_0001_01_000003’
‘/scratch/mxv6938/31828110/logs/userlogs/application_1583081732778_0001/container_1583081732778_0001_01_000003/syslog’ -> ‘/home/mxv6938/cometcluster/logs/userlogs/application_1583081732778_0001/container_1583081732778_0001_01_000003/syslog’
‘/scratch/mxv6938/31828110/logs/userlogs/application_1583081732778_0001/container_1583081732778_0001_01_000003/stdout’ -> ‘/home/mxv6938/cometcluster/logs/userlogs/application_1583081732778_0001/container_1583081732778_0001_01_000003/stdout’
‘/scratch/mxv6938/31828110/logs/userlogs/application_1583081732778_0001/container_1583081732778_0001_01_000003/stderr’ -> ‘/home/mxv6938/cometcluster/logs/userlogs/application_1583081732778_0001/container_1583081732778_0001_01_000003/stderr’
‘/scratch/mxv6938/31828110/logs/yarn-mxv6938-resourcemanager-comet-05-29.log’ -> ‘/home/mxv6938/cometcluster/logs/yarn-mxv6938-resourcemanager-comet-05-29.log’
‘/scratch/mxv6938/31828110/logs/hadoop-mxv6938-datanode-comet-05-29.sdsc.edu.out’ -> ‘/home/mxv6938/cometcluster/logs/hadoop-mxv6938-datanode-comet-05-29.sdsc.edu.out’
‘/scratch/mxv6938/31828110/logs/yarn-mxv6938-resourcemanager-comet-05-29.out’ -> ‘/home/mxv6938/cometcluster/logs/yarn-mxv6938-resourcemanager-comet-05-29.out’
‘/scratch/mxv6938/31828110/logs/hadoop-mxv6938-namenode-comet-05-29.sdsc.edu.out’ -> ‘/home/mxv6938/cometcluster/logs/hadoop-mxv6938-namenode-comet-05-29.sdsc.edu.out’
‘/scratch/mxv6938/31828110/logs/yarn-mxv6938-nodemanager-comet-05-29.sdsc.edu.log’ -> ‘/home/mxv6938/cometcluster/logs/yarn-mxv6938-nodemanager-comet-05-29.sdsc.edu.log’
‘/scratch/mxv6938/31828110/logs/hadoop-mxv6938-secondarynamenode-comet-05-29.sdsc.edu.log’ -> ‘/home/mxv6938/cometcluster/logs/hadoop-mxv6938-secondarynamenode-comet-05-29.sdsc.edu.log’
‘/scratch/mxv6938/31828110/logs/SecurityAuth-mxv6938.audit’ -> ‘/home/mxv6938/cometcluster/logs/SecurityAuth-mxv6938.audit’
removed directory: ‘/scratch/mxv6938/31828110/mapred_scratch/filecache’
removed directory: ‘/scratch/mxv6938/31828110/mapred_scratch/nmPrivate’
removed directory: ‘/scratch/mxv6938/31828110/mapred_scratch/usercache/mxv6938/appcache’
removed directory: ‘/scratch/mxv6938/31828110/mapred_scratch/usercache/mxv6938/filecache’
removed directory: ‘/scratch/mxv6938/31828110/mapred_scratch/usercache/mxv6938’
removed directory: ‘/scratch/mxv6938/31828110/mapred_scratch/usercache’
removed directory: ‘/scratch/mxv6938/31828110/mapred_scratch’
removed ‘/scratch/mxv6938/31828110/tmp/dfs/namesecondary/current/fsimage_0000000000000000063.md5’
removed ‘/scratch/mxv6938/31828110/tmp/dfs/namesecondary/current/fsimage_0000000000000000000.md5’
removed ‘/scratch/mxv6938/31828110/tmp/dfs/namesecondary/current/fsimage_0000000000000000000’
removed ‘/scratch/mxv6938/31828110/tmp/dfs/namesecondary/current/fsimage_0000000000000000063’
removed ‘/scratch/mxv6938/31828110/tmp/dfs/namesecondary/current/VERSION’
removed ‘/scratch/mxv6938/31828110/tmp/dfs/namesecondary/current/edits_0000000000000000001-0000000000000000063’
removed directory: ‘/scratch/mxv6938/31828110/tmp/dfs/namesecondary/current’
removed directory: ‘/scratch/mxv6938/31828110/tmp/dfs/namesecondary’
removed directory: ‘/scratch/mxv6938/31828110/tmp/dfs’
removed directory: ‘/scratch/mxv6938/31828110/tmp’
removed ‘/scratch/mxv6938/31828110/namenode_data/current/seen_txid’
removed ‘/scratch/mxv6938/31828110/namenode_data/current/fsimage_0000000000000000000.md5’
removed ‘/scratch/mxv6938/31828110/namenode_data/current/fsimage_0000000000000000063’
removed ‘/scratch/mxv6938/31828110/namenode_data/current/edits_inprogress_0000000000000000064’
removed ‘/scratch/mxv6938/31828110/namenode_data/current/fsimage_0000000000000000063.md5’
removed ‘/scratch/mxv6938/31828110/namenode_data/current/VERSION’
removed ‘/scratch/mxv6938/31828110/namenode_data/current/fsimage_0000000000000000000’
removed ‘/scratch/mxv6938/31828110/namenode_data/current/edits_0000000000000000001-0000000000000000063’
removed directory: ‘/scratch/mxv6938/31828110/namenode_data/current’
removed directory: ‘/scratch/mxv6938/31828110/namenode_data’
removed ‘/scratch/mxv6938/31828110/hdfs_data/current/VERSION’
removed ‘/scratch/mxv6938/31828110/hdfs_data/current/BP-820937204-198.202.112.94-1583081714728/current/finalized/subdir0/subdir0/blk_1073741835’
removed ‘/scratch/mxv6938/31828110/hdfs_data/current/BP-820937204-198.202.112.94-1583081714728/current/finalized/subdir0/subdir0/blk_1073741844_1020.meta’
removed ‘/scratch/mxv6938/31828110/hdfs_data/current/BP-820937204-198.202.112.94-1583081714728/current/finalized/subdir0/subdir0/blk_1073741826’
removed ‘/scratch/mxv6938/31828110/hdfs_data/current/BP-820937204-198.202.112.94-1583081714728/current/finalized/subdir0/subdir0/blk_1073741835_1011.meta’
removed ‘/scratch/mxv6938/31828110/hdfs_data/current/BP-820937204-198.202.112.94-1583081714728/current/finalized/subdir0/subdir0/blk_1073741845’
removed ‘/scratch/mxv6938/31828110/hdfs_data/current/BP-820937204-198.202.112.94-1583081714728/current/finalized/subdir0/subdir0/blk_1073741827_1003.meta’
removed ‘/scratch/mxv6938/31828110/hdfs_data/current/BP-820937204-198.202.112.94-1583081714728/current/finalized/subdir0/subdir0/blk_1073741834_1010.meta’
removed ‘/scratch/mxv6938/31828110/hdfs_data/current/BP-820937204-198.202.112.94-1583081714728/current/finalized/subdir0/subdir0/blk_1073741836’
removed ‘/scratch/mxv6938/31828110/hdfs_data/current/BP-820937204-198.202.112.94-1583081714728/current/finalized/subdir0/subdir0/blk_1073741825’
removed ‘/scratch/mxv6938/31828110/hdfs_data/current/BP-820937204-198.202.112.94-1583081714728/current/finalized/subdir0/subdir0/blk_1073741826_1002.meta’
removed ‘/scratch/mxv6938/31828110/hdfs_data/current/BP-820937204-198.202.112.94-1583081714728/current/finalized/subdir0/subdir0/blk_1073741846’
removed ‘/scratch/mxv6938/31828110/hdfs_data/current/BP-820937204-198.202.112.94-1583081714728/current/finalized/subdir0/subdir0/blk_1073741845_1021.meta’
removed ‘/scratch/mxv6938/31828110/hdfs_data/current/BP-820937204-198.202.112.94-1583081714728/current/finalized/subdir0/subdir0/blk_1073741844’
removed ‘/scratch/mxv6938/31828110/hdfs_data/current/BP-820937204-198.202.112.94-1583081714728/current/finalized/subdir0/subdir0/blk_1073741836_1012.meta’
removed ‘/scratch/mxv6938/31828110/hdfs_data/current/BP-820937204-198.202.112.94-1583081714728/current/finalized/subdir0/subdir0/blk_1073741847_1023.meta’
removed ‘/scratch/mxv6938/31828110/hdfs_data/current/BP-820937204-198.202.112.94-1583081714728/current/finalized/subdir0/subdir0/blk_1073741827’
removed ‘/scratch/mxv6938/31828110/hdfs_data/current/BP-820937204-198.202.112.94-1583081714728/current/finalized/subdir0/subdir0/blk_1073741834’
removed ‘/scratch/mxv6938/31828110/hdfs_data/current/BP-820937204-198.202.112.94-1583081714728/current/finalized/subdir0/subdir0/blk_1073741846_1022.meta’
removed ‘/scratch/mxv6938/31828110/hdfs_data/current/BP-820937204-198.202.112.94-1583081714728/current/finalized/subdir0/subdir0/blk_1073741847’
removed ‘/scratch/mxv6938/31828110/hdfs_data/current/BP-820937204-198.202.112.94-1583081714728/current/finalized/subdir0/subdir0/blk_1073741825_1001.meta’
removed ‘/scratch/mxv6938/31828110/hdfs_data/current/BP-820937204-198.202.112.94-1583081714728/current/finalized/subdir0/subdir0/blk_1073741837_1013.meta’
removed ‘/scratch/mxv6938/31828110/hdfs_data/current/BP-820937204-198.202.112.94-1583081714728/current/finalized/subdir0/subdir0/blk_1073741837’
removed directory: ‘/scratch/mxv6938/31828110/hdfs_data/current/BP-820937204-198.202.112.94-1583081714728/current/finalized/subdir0/subdir0’
removed directory: ‘/scratch/mxv6938/31828110/hdfs_data/current/BP-820937204-198.202.112.94-1583081714728/current/finalized/subdir0’
removed directory: ‘/scratch/mxv6938/31828110/hdfs_data/current/BP-820937204-198.202.112.94-1583081714728/current/finalized’
removed ‘/scratch/mxv6938/31828110/hdfs_data/current/BP-820937204-198.202.112.94-1583081714728/current/VERSION’
removed ‘/scratch/mxv6938/31828110/hdfs_data/current/BP-820937204-198.202.112.94-1583081714728/current/dfsUsed’
removed directory: ‘/scratch/mxv6938/31828110/hdfs_data/current/BP-820937204-198.202.112.94-1583081714728/current/rbw’
removed directory: ‘/scratch/mxv6938/31828110/hdfs_data/current/BP-820937204-198.202.112.94-1583081714728/current’
removed ‘/scratch/mxv6938/31828110/hdfs_data/current/BP-820937204-198.202.112.94-1583081714728/dncp_block_verification.log.prev’
removed directory: ‘/scratch/mxv6938/31828110/hdfs_data/current/BP-820937204-198.202.112.94-1583081714728/tmp’
removed ‘/scratch/mxv6938/31828110/hdfs_data/current/BP-820937204-198.202.112.94-1583081714728/dncp_block_verification.log.curr’
removed directory: ‘/scratch/mxv6938/31828110/hdfs_data/current/BP-820937204-198.202.112.94-1583081714728’
removed directory: ‘/scratch/mxv6938/31828110/hdfs_data/current’
removed directory: ‘/scratch/mxv6938/31828110/hdfs_data’
removed directory: ‘/scratch/mxv6938/31828110/pids’
removed ‘/scratch/mxv6938/31828110/logs/hadoop-mxv6938-secondarynamenode-comet-05-29.sdsc.edu.out’
removed ‘/scratch/mxv6938/31828110/logs/hadoop-mxv6938-namenode-comet-05-29.sdsc.edu.log’
removed ‘/scratch/mxv6938/31828110/logs/yarn-mxv6938-nodemanager-comet-05-29.sdsc.edu.out’
removed ‘/scratch/mxv6938/31828110/logs/hadoop-mxv6938-datanode-comet-05-29.sdsc.edu.log’
removed ‘/scratch/mxv6938/31828110/logs/userlogs/application_1583081732778_0002/container_1583081732778_0002_01_000007/stderr’
removed ‘/scratch/mxv6938/31828110/logs/userlogs/application_1583081732778_0002/container_1583081732778_0002_01_000007/syslog’
removed ‘/scratch/mxv6938/31828110/logs/userlogs/application_1583081732778_0002/container_1583081732778_0002_01_000007/stdout’
removed directory: ‘/scratch/mxv6938/31828110/logs/userlogs/application_1583081732778_0002/container_1583081732778_0002_01_000007’
removed ‘/scratch/mxv6938/31828110/logs/userlogs/application_1583081732778_0002/container_1583081732778_0002_01_000004/stderr’
removed ‘/scratch/mxv6938/31828110/logs/userlogs/application_1583081732778_0002/container_1583081732778_0002_01_000004/syslog’
removed ‘/scratch/mxv6938/31828110/logs/userlogs/application_1583081732778_0002/container_1583081732778_0002_01_000004/stdout’
removed directory: ‘/scratch/mxv6938/31828110/logs/userlogs/application_1583081732778_0002/container_1583081732778_0002_01_000004’
removed ‘/scratch/mxv6938/31828110/logs/userlogs/application_1583081732778_0002/container_1583081732778_0002_01_000003/stderr’
removed ‘/scratch/mxv6938/31828110/logs/userlogs/application_1583081732778_0002/container_1583081732778_0002_01_000003/syslog’
removed ‘/scratch/mxv6938/31828110/logs/userlogs/application_1583081732778_0002/container_1583081732778_0002_01_000003/stdout’
removed directory: ‘/scratch/mxv6938/31828110/logs/userlogs/application_1583081732778_0002/container_1583081732778_0002_01_000003’
removed ‘/scratch/mxv6938/31828110/logs/userlogs/application_1583081732778_0002/container_1583081732778_0002_01_000001/stdout’
removed ‘/scratch/mxv6938/31828110/logs/userlogs/application_1583081732778_0002/container_1583081732778_0002_01_000001/syslog’
removed ‘/scratch/mxv6938/31828110/logs/userlogs/application_1583081732778_0002/container_1583081732778_0002_01_000001/stderr’
removed directory: ‘/scratch/mxv6938/31828110/logs/userlogs/application_1583081732778_0002/container_1583081732778_0002_01_000001’
removed ‘/scratch/mxv6938/31828110/logs/userlogs/application_1583081732778_0002/container_1583081732778_0002_01_000006/syslog’
removed ‘/scratch/mxv6938/31828110/logs/userlogs/application_1583081732778_0002/container_1583081732778_0002_01_000006/stdout’
removed ‘/scratch/mxv6938/31828110/logs/userlogs/application_1583081732778_0002/container_1583081732778_0002_01_000006/stderr’
removed directory: ‘/scratch/mxv6938/31828110/logs/userlogs/application_1583081732778_0002/container_1583081732778_0002_01_000006’
removed ‘/scratch/mxv6938/31828110/logs/userlogs/application_1583081732778_0002/container_1583081732778_0002_01_000002/stderr’
removed ‘/scratch/mxv6938/31828110/logs/userlogs/application_1583081732778_0002/container_1583081732778_0002_01_000002/stdout’
removed ‘/scratch/mxv6938/31828110/logs/userlogs/application_1583081732778_0002/container_1583081732778_0002_01_000002/syslog’
removed directory: ‘/scratch/mxv6938/31828110/logs/userlogs/application_1583081732778_0002/container_1583081732778_0002_01_000002’
removed ‘/scratch/mxv6938/31828110/logs/userlogs/application_1583081732778_0002/container_1583081732778_0002_01_000005/syslog’
removed ‘/scratch/mxv6938/31828110/logs/userlogs/application_1583081732778_0002/container_1583081732778_0002_01_000005/stdout’
removed ‘/scratch/mxv6938/31828110/logs/userlogs/application_1583081732778_0002/container_1583081732778_0002_01_000005/stderr’
removed directory: ‘/scratch/mxv6938/31828110/logs/userlogs/application_1583081732778_0002/container_1583081732778_0002_01_000005’
removed directory: ‘/scratch/mxv6938/31828110/logs/userlogs/application_1583081732778_0002’
removed ‘/scratch/mxv6938/31828110/logs/userlogs/application_1583081732778_0001/container_1583081732778_0001_01_000006/syslog’
removed ‘/scratch/mxv6938/31828110/logs/userlogs/application_1583081732778_0001/container_1583081732778_0001_01_000006/stdout’
removed ‘/scratch/mxv6938/31828110/logs/userlogs/application_1583081732778_0001/container_1583081732778_0001_01_000006/stderr’
removed directory: ‘/scratch/mxv6938/31828110/logs/userlogs/application_1583081732778_0001/container_1583081732778_0001_01_000006’
removed ‘/scratch/mxv6938/31828110/logs/userlogs/application_1583081732778_0001/container_1583081732778_0001_01_000002/stdout’
removed ‘/scratch/mxv6938/31828110/logs/userlogs/application_1583081732778_0001/container_1583081732778_0001_01_000002/syslog’
removed ‘/scratch/mxv6938/31828110/logs/userlogs/application_1583081732778_0001/container_1583081732778_0001_01_000002/stderr’
removed directory: ‘/scratch/mxv6938/31828110/logs/userlogs/application_1583081732778_0001/container_1583081732778_0001_01_000002’
removed ‘/scratch/mxv6938/31828110/logs/userlogs/application_1583081732778_0001/container_1583081732778_0001_01_000005/syslog’
removed ‘/scratch/mxv6938/31828110/logs/userlogs/application_1583081732778_0001/container_1583081732778_0001_01_000005/stdout’
removed ‘/scratch/mxv6938/31828110/logs/userlogs/application_1583081732778_0001/container_1583081732778_0001_01_000005/stderr’
removed directory: ‘/scratch/mxv6938/31828110/logs/userlogs/application_1583081732778_0001/container_1583081732778_0001_01_000005’
removed ‘/scratch/mxv6938/31828110/logs/userlogs/application_1583081732778_0001/container_1583081732778_0001_01_000007/stderr’
removed ‘/scratch/mxv6938/31828110/logs/userlogs/application_1583081732778_0001/container_1583081732778_0001_01_000007/syslog’
removed ‘/scratch/mxv6938/31828110/logs/userlogs/application_1583081732778_0001/container_1583081732778_0001_01_000007/stdout’
removed directory: ‘/scratch/mxv6938/31828110/logs/userlogs/application_1583081732778_0001/container_1583081732778_0001_01_000007’
removed ‘/scratch/mxv6938/31828110/logs/userlogs/application_1583081732778_0001/container_1583081732778_0001_01_000004/stdout’
removed ‘/scratch/mxv6938/31828110/logs/userlogs/application_1583081732778_0001/container_1583081732778_0001_01_000004/syslog’
removed ‘/scratch/mxv6938/31828110/logs/userlogs/application_1583081732778_0001/container_1583081732778_0001_01_000004/stderr’
removed directory: ‘/scratch/mxv6938/31828110/logs/userlogs/application_1583081732778_0001/container_1583081732778_0001_01_000004’
removed ‘/scratch/mxv6938/31828110/logs/userlogs/application_1583081732778_0001/container_1583081732778_0001_01_000003/syslog’
removed ‘/scratch/mxv6938/31828110/logs/userlogs/application_1583081732778_0001/container_1583081732778_0001_01_000003/stdout’
removed ‘/scratch/mxv6938/31828110/logs/userlogs/application_1583081732778_0001/container_1583081732778_0001_01_000003/stderr’
removed directory: ‘/scratch/mxv6938/31828110/logs/userlogs/application_1583081732778_0001/container_1583081732778_0001_01_000003’
removed directory: ‘/scratch/mxv6938/31828110/logs/userlogs/application_1583081732778_0001’
removed directory: ‘/scratch/mxv6938/31828110/logs/userlogs’
removed ‘/scratch/mxv6938/31828110/logs/yarn-mxv6938-resourcemanager-comet-05-29.log’
removed ‘/scratch/mxv6938/31828110/logs/hadoop-mxv6938-datanode-comet-05-29.sdsc.edu.out’
removed ‘/scratch/mxv6938/31828110/logs/yarn-mxv6938-resourcemanager-comet-05-29.out’
removed ‘/scratch/mxv6938/31828110/logs/hadoop-mxv6938-namenode-comet-05-29.sdsc.edu.out’
removed ‘/scratch/mxv6938/31828110/logs/yarn-mxv6938-nodemanager-comet-05-29.sdsc.edu.log’
removed ‘/scratch/mxv6938/31828110/logs/hadoop-mxv6938-secondarynamenode-comet-05-29.sdsc.edu.log’
removed ‘/scratch/mxv6938/31828110/logs/SecurityAuth-mxv6938.audit’
removed directory: ‘/scratch/mxv6938/31828110/logs’
removed directory: ‘/scratch/mxv6938/31828110/mapred_scratch/filecache’
removed directory: ‘/scratch/mxv6938/31828110/mapred_scratch/usercache/mxv6938/filecache’
removed directory: ‘/scratch/mxv6938/31828110/mapred_scratch/usercache/mxv6938/appcache’
removed directory: ‘/scratch/mxv6938/31828110/mapred_scratch/usercache/mxv6938’
removed directory: ‘/scratch/mxv6938/31828110/mapred_scratch/usercache’
removed directory: ‘/scratch/mxv6938/31828110/mapred_scratch/nmPrivate’
removed directory: ‘/scratch/mxv6938/31828110/mapred_scratch’
removed directory: ‘/scratch/mxv6938/31828110/hdfs_data/current/BP-820937204-198.202.112.94-1583081714728/current/rbw’
removed ‘/scratch/mxv6938/31828110/hdfs_data/current/BP-820937204-198.202.112.94-1583081714728/current/finalized/subdir0/subdir0/blk_1073741834_1010.meta’
removed ‘/scratch/mxv6938/31828110/hdfs_data/current/BP-820937204-198.202.112.94-1583081714728/current/finalized/subdir0/subdir0/blk_1073741847’
removed ‘/scratch/mxv6938/31828110/hdfs_data/current/BP-820937204-198.202.112.94-1583081714728/current/finalized/subdir0/subdir0/blk_1073741826_1002.meta’
removed ‘/scratch/mxv6938/31828110/hdfs_data/current/BP-820937204-198.202.112.94-1583081714728/current/finalized/subdir0/subdir0/blk_1073741845_1021.meta’
removed ‘/scratch/mxv6938/31828110/hdfs_data/current/BP-820937204-198.202.112.94-1583081714728/current/finalized/subdir0/subdir0/blk_1073741837’
removed ‘/scratch/mxv6938/31828110/hdfs_data/current/BP-820937204-198.202.112.94-1583081714728/current/finalized/subdir0/subdir0/blk_1073741844’
removed ‘/scratch/mxv6938/31828110/hdfs_data/current/BP-820937204-198.202.112.94-1583081714728/current/finalized/subdir0/subdir0/blk_1073741844_1020.meta’
removed ‘/scratch/mxv6938/31828110/hdfs_data/current/BP-820937204-198.202.112.94-1583081714728/current/finalized/subdir0/subdir0/blk_1073741835_1011.meta’
removed ‘/scratch/mxv6938/31828110/hdfs_data/current/BP-820937204-198.202.112.94-1583081714728/current/finalized/subdir0/subdir0/blk_1073741827’
removed ‘/scratch/mxv6938/31828110/hdfs_data/current/BP-820937204-198.202.112.94-1583081714728/current/finalized/subdir0/subdir0/blk_1073741834’
removed ‘/scratch/mxv6938/31828110/hdfs_data/current/BP-820937204-198.202.112.94-1583081714728/current/finalized/subdir0/subdir0/blk_1073741827_1003.meta’
removed ‘/scratch/mxv6938/31828110/hdfs_data/current/BP-820937204-198.202.112.94-1583081714728/current/finalized/subdir0/subdir0/blk_1073741836’
removed ‘/scratch/mxv6938/31828110/hdfs_data/current/BP-820937204-198.202.112.94-1583081714728/current/finalized/subdir0/subdir0/blk_1073741846_1022.meta’
removed ‘/scratch/mxv6938/31828110/hdfs_data/current/BP-820937204-198.202.112.94-1583081714728/current/finalized/subdir0/subdir0/blk_1073741825’
removed ‘/scratch/mxv6938/31828110/hdfs_data/current/BP-820937204-198.202.112.94-1583081714728/current/finalized/subdir0/subdir0/blk_1073741825_1001.meta’
removed ‘/scratch/mxv6938/31828110/hdfs_data/current/BP-820937204-198.202.112.94-1583081714728/current/finalized/subdir0/subdir0/blk_1073741837_1013.meta’
removed ‘/scratch/mxv6938/31828110/hdfs_data/current/BP-820937204-198.202.112.94-1583081714728/current/finalized/subdir0/subdir0/blk_1073741846’
removed ‘/scratch/mxv6938/31828110/hdfs_data/current/BP-820937204-198.202.112.94-1583081714728/current/finalized/subdir0/subdir0/blk_1073741835’
removed ‘/scratch/mxv6938/31828110/hdfs_data/current/BP-820937204-198.202.112.94-1583081714728/current/finalized/subdir0/subdir0/blk_1073741826’
removed ‘/scratch/mxv6938/31828110/hdfs_data/current/BP-820937204-198.202.112.94-1583081714728/current/finalized/subdir0/subdir0/blk_1073741836_1012.meta’
removed ‘/scratch/mxv6938/31828110/hdfs_data/current/BP-820937204-198.202.112.94-1583081714728/current/finalized/subdir0/subdir0/blk_1073741847_1023.meta’
removed ‘/scratch/mxv6938/31828110/hdfs_data/current/BP-820937204-198.202.112.94-1583081714728/current/finalized/subdir0/subdir0/blk_1073741845’
removed directory: ‘/scratch/mxv6938/31828110/hdfs_data/current/BP-820937204-198.202.112.94-1583081714728/current/finalized/subdir0/subdir0’
removed directory: ‘/scratch/mxv6938/31828110/hdfs_data/current/BP-820937204-198.202.112.94-1583081714728/current/finalized/subdir0’
removed directory: ‘/scratch/mxv6938/31828110/hdfs_data/current/BP-820937204-198.202.112.94-1583081714728/current/finalized’
removed ‘/scratch/mxv6938/31828110/hdfs_data/current/BP-820937204-198.202.112.94-1583081714728/current/VERSION’
removed ‘/scratch/mxv6938/31828110/hdfs_data/current/BP-820937204-198.202.112.94-1583081714728/current/dfsUsed’
removed directory: ‘/scratch/mxv6938/31828110/hdfs_data/current/BP-820937204-198.202.112.94-1583081714728/current’
removed ‘/scratch/mxv6938/31828110/hdfs_data/current/BP-820937204-198.202.112.94-1583081714728/dncp_block_verification.log.curr’
removed directory: ‘/scratch/mxv6938/31828110/hdfs_data/current/BP-820937204-198.202.112.94-1583081714728/tmp’
removed ‘/scratch/mxv6938/31828110/hdfs_data/current/BP-820937204-198.202.112.94-1583081714728/dncp_block_verification.log.prev’
removed directory: ‘/scratch/mxv6938/31828110/hdfs_data/current/BP-820937204-198.202.112.94-1583081714728’
removed ‘/scratch/mxv6938/31828110/hdfs_data/current/VERSION’
removed directory: ‘/scratch/mxv6938/31828110/hdfs_data/current’
removed directory: ‘/scratch/mxv6938/31828110/hdfs_data’
removed directory: ‘/scratch/mxv6938/31828110/pids’
removed ‘/scratch/mxv6938/31828110/logs/hadoop-mxv6938-datanode-comet-05-46.sdsc.edu.out’
removed ‘/scratch/mxv6938/31828110/logs/userlogs/application_1583081732778_0001/container_1583081732778_0001_01_000001/syslog’
removed ‘/scratch/mxv6938/31828110/logs/userlogs/application_1583081732778_0001/container_1583081732778_0001_01_000001/stdout’
removed ‘/scratch/mxv6938/31828110/logs/userlogs/application_1583081732778_0001/container_1583081732778_0001_01_000001/stderr’
removed directory: ‘/scratch/mxv6938/31828110/logs/userlogs/application_1583081732778_0001/container_1583081732778_0001_01_000001’
removed directory: ‘/scratch/mxv6938/31828110/logs/userlogs/application_1583081732778_0001’
removed directory: ‘/scratch/mxv6938/31828110/logs/userlogs’
removed ‘/scratch/mxv6938/31828110/logs/yarn-mxv6938-nodemanager-comet-05-46.sdsc.edu.log’
removed ‘/scratch/mxv6938/31828110/logs/SecurityAuth-mxv6938.audit’
removed ‘/scratch/mxv6938/31828110/logs/hadoop-mxv6938-datanode-comet-05-46.sdsc.edu.log’
removed ‘/scratch/mxv6938/31828110/logs/yarn-mxv6938-nodemanager-comet-05-46.sdsc.edu.out’
removed directory: ‘/scratch/mxv6938/31828110/logs’
removed directory: ‘/tmp/Jetty_0_0_0_0_50070_hdfs____w2cu08/.active’
removed directory: ‘/tmp/Jetty_0_0_0_0_50070_hdfs____w2cu08/jsp’
removed directory: ‘/tmp/Jetty_0_0_0_0_50070_hdfs____w2cu08’
removed directory: ‘/tmp/Jetty_0_0_0_0_50075_datanode____hwtdwq/.active’
removed directory: ‘/tmp/Jetty_0_0_0_0_50075_datanode____hwtdwq/jsp’
removed directory: ‘/tmp/Jetty_0_0_0_0_50075_datanode____hwtdwq’
removed directory: ‘/tmp/Jetty_comet.05.29_ibnet_50090_secondary____xronaf/.active’
removed directory: ‘/tmp/Jetty_comet.05.29_ibnet_50090_secondary____xronaf/jsp’
removed directory: ‘/tmp/Jetty_comet.05.29_ibnet_50090_secondary____xronaf’
